e:\project\qt\segmentation\segmentation\debug\vc120.pdb
e:\project\qt\segmentation\segmentation\debug\segmentation.obj
e:\project\qt\segmentation\segmentation\debug\segalgorithm.obj
e:\project\qt\segmentation\segmentation\debug\scribblearea.obj
e:\project\qt\segmentation\segmentation\debug\maxflow.obj
e:\project\qt\segmentation\segmentation\debug\graph.obj
e:\project\qt\segmentation\segmentation\debug\main.obj
e:\project\qt\segmentation\segmentation\debug\interactionsegment.obj
e:\project\qt\segmentation\segmentation\debug\geos.obj
e:\project\qt\segmentation\segmentation\debug\moc_segmentation.obj
e:\project\qt\segmentation\segmentation\debug\moc_scribblearea.obj
e:\project\qt\segmentation\segmentation\debug\moc_interactionsegment.obj
e:\project\qt\segmentation\segmentation\debug\qrc_segmentation.obj
e:\project\qt\segmentation\segmentation\generatedfiles\debug\moc_segmentation.cpp
e:\project\qt\segmentation\segmentation\generatedfiles\ui_segmentation.h
e:\project\qt\segmentation\segmentation\generatedfiles\debug\moc_interactionsegment.cpp
e:\project\qt\segmentation\segmentation\generatedfiles\qrc_segmentation.cpp
e:\project\qt\segmentation\segmentation\generatedfiles\ui_interactionsegment.h
e:\project\qt\segmentation\segmentation\generatedfiles\debug\moc_scribblearea.cpp
e:\project\qt\segmentation\win32\debug\segmentation.ilk
e:\project\qt\segmentation\win32\debug\segmentation.exe
e:\project\qt\segmentation\win32\debug\segmentation.pdb
e:\project\qt\segmentation\segmentation\debug\segmentation.res
e:\project\qt\segmentation\segmentation\debug\segmentation.tlog\cl.command.1.tlog
e:\project\qt\segmentation\segmentation\debug\segmentation.tlog\cl.read.1.tlog
e:\project\qt\segmentation\segmentation\debug\segmentation.tlog\cl.write.1.tlog
e:\project\qt\segmentation\segmentation\debug\segmentation.tlog\custombuild.command.1.tlog
e:\project\qt\segmentation\segmentation\debug\segmentation.tlog\custombuild.read.1.tlog
e:\project\qt\segmentation\segmentation\debug\segmentation.tlog\custombuild.write.1.tlog
e:\project\qt\segmentation\segmentation\debug\segmentation.tlog\link.command.1.tlog
e:\project\qt\segmentation\segmentation\debug\segmentation.tlog\link.read.1.tlog
e:\project\qt\segmentation\segmentation\debug\segmentation.tlog\link.write.1.tlog
e:\project\qt\segmentation\segmentation\debug\segmentation.tlog\rc.command.1.tlog
e:\project\qt\segmentation\segmentation\debug\segmentation.tlog\rc.read.1.tlog
e:\project\qt\segmentation\segmentation\debug\segmentation.tlog\rc.write.1.tlog
